Arguments: 
  C:\Program Files\nodejs\node.exe C:\Program Files (x86)\Yarn\bin\yarn.js

PATH: 
  C:\Python34\;C:\Python34\Scripts;C:\Program Files (x86)\Intel\iCLS Client\;C:\Program Files\Intel\iCLS Client\;C:\ProgramData\Oracle\Java\javapath;C:\Windows\system32;C:\Windows;C:\Windows\System32\Wbem;C:\Windows\System32\WindowsPowerShell\v1.0\;C:\Program Files\Intel\WiFi\bin\;C:\Program Files\Common Files\Intel\WirelessCommon\;C:\Program Files\Intel\Intel(R) Management Engine Components\DAL;C:\Program Files (x86)\Intel\Intel(R) Management Engine Components\DAL;C:\Program Files\Intel\Intel(R) Management Engine Components\IPT;C:\Program Files (x86)\Intel\Intel(R) Management Engine Components\IPT;C:\Program Files\nodejs\;C:\Program Files\Git\cmd;C:\Program Files (x86)\PuTTY\;C:\Program Files (x86)\Yarn\bin;C:\Users\LOL_2\AppData\Roaming\npm;C:\Users\LOL_2\AppData\Local\atom\bin;C:\Users\LOL_2\AppData\Local\Yarn\.bin

Yarn version: 
  0.21.3

Node version: 
  6.9.5

Platform: 
  win32 x64

npm manifest: 
  {
    "name": "tennis-club-arquebusiers-website",
    "version": "1.0.0",
    "description": "Fichiers sources du site du tennis club des Arquebusiers.",
    "main": "index.html",
    "author": "Quentin Fonck",
    "license": "MIT",
    "devDependencies": {
        "autoprefixer": "^6.5.3",
        "babel-core": "^6.20.0",
        "babel-loader": "^6.2.10",
        "babel-preset-es2015": "^6.18.0",
        "browser-sync": "^2.18.2",
        "css-mqpacker": "^5.0.1",
        "del": "^2.2.2",
        "gulp": "git://github.com/gulpjs/gulp#4.0",
        "gulp-cssnano": "^2.1.2",
        "gulp-modernizr": "^1.0.0-alpha",
        "gulp-postcss": "^6.2.0",
        "gulp-rename": "^1.2.2",
        "gulp-rev": "^7.1.2",
        "gulp-sass": "^3.0.0",
        "gulp-sourcemaps": "^1.9.1",
        "gulp-svg-sprite": "^1.3.1",
        "gulp-svg2png": "^0.3.0",
        "gulp-uglify": "^2.0.0",
        "gulp-uncss": "^1.0.6",
        "gulp-usemin": "^0.3.26",
        "gulp-watch": "^4.3.11",
        "postcss-discard-duplicates": "^2.0.2",
        "postcss-hexrgba": "^0.2.1",
        "postcss-import": "^9.0.0",
        "postcss-merge-rules": "^2.0.11",
        "postcss-mixins": "^5.4.0",
        "postcss-nested": "^1.0.0",
        "postcss-simple-vars": "^3.0.0",
        "postcss-unique-selectors": "^2.0.2",
        "webpack": "^1.14.0"
      },
      "dependencies": {
        "flickity": "^2.0.5",
        "gulp-imagemin": "^3.1.1",
        "imports-loader": "^0.7.1",
        "jquery": "^3.1.1",
        "lazysizes": "^3.0.0-rc2",
        "normalize-scss": "^6.0.0",
        "picturefill": "^3.0.2",
        "waypoints": "^4.0.1"
      }
  }

yarn manifest: 
  No manifest

Lockfile: 
  No lockfile

Trace: 
  Error: https://registry.yarnpkg.com/gulp-imagemin: tunneling socket could not be established, cause=getaddrinfo ENOTFOUND 10.1.1.264 10.1.1.264:80
      at ClientRequest.onError (C:\Program Files (x86)\Yarn\node_modules\tunnel-agent\index.js:176:17)
      at ClientRequest.g (events.js:291:16)
      at emitOne (events.js:96:13)
      at ClientRequest.emit (events.js:188:7)
      at Socket.socketErrorListener (_http_client.js:310:9)
      at emitOne (events.js:96:13)
      at Socket.emit (events.js:188:7)
      at connectErrorNT (net.js:1022:8)
      at _combinedTickCallback (internal/process/next_tick.js:74:11)
      at process._tickCallback (internal/process/next_tick.js:98:9)
